[2015-05-02 04:00:06,113] INFO Closing socket connection to /127.0.0.1. (kafka.network.Processor)
[2015-05-02 04:00:06,164] INFO Closing socket connection to /172.31.37.144. (kafka.network.Processor)
[2015-05-02 04:00:08,233] INFO Closing socket connection to /127.0.0.1. (kafka.network.Processor)
[2015-05-02 04:00:08,288] INFO Closing socket connection to /172.31.37.144. (kafka.network.Processor)
[2015-05-02 04:00:10,381] INFO Closing socket connection to /127.0.0.1. (kafka.network.Processor)
[2015-05-02 04:00:10,432] INFO Closing socket connection to /172.31.37.144. (kafka.network.Processor)
[2015-05-02 04:00:36,135] INFO Closing socket connection to /127.0.0.1. (kafka.network.Processor)
[2015-05-02 04:00:36,181] INFO Closing socket connection to /172.31.37.144. (kafka.network.Processor)
[2015-05-02 04:00:38,203] INFO Closing socket connection to /127.0.0.1. (kafka.network.Processor)
[2015-05-02 04:00:38,255] INFO Closing socket connection to /172.31.37.144. (kafka.network.Processor)
[2015-05-02 04:00:40,315] INFO Closing socket connection to /127.0.0.1. (kafka.network.Processor)
[2015-05-02 04:00:40,364] INFO Closing socket connection to /172.31.37.144. (kafka.network.Processor)
[2015-05-02 04:01:06,133] INFO Closing socket connection to /127.0.0.1. (kafka.network.Processor)
[2015-05-02 04:01:06,190] INFO Closing socket connection to /172.31.37.144. (kafka.network.Processor)
[2015-05-02 04:01:08,234] INFO Closing socket connection to /127.0.0.1. (kafka.network.Processor)
[2015-05-02 04:01:08,283] INFO Closing socket connection to /172.31.37.144. (kafka.network.Processor)
[2015-05-02 04:01:10,321] INFO Closing socket connection to /127.0.0.1. (kafka.network.Processor)
[2015-05-02 04:01:10,368] INFO Closing socket connection to /172.31.37.144. (kafka.network.Processor)
[2015-05-02 04:01:36,214] INFO Closing socket connection to /127.0.0.1. (kafka.network.Processor)
[2015-05-02 04:01:36,270] INFO Closing socket connection to /172.31.37.144. (kafka.network.Processor)
[2015-05-02 04:01:38,309] INFO Closing socket connection to /127.0.0.1. (kafka.network.Processor)
[2015-05-02 04:01:38,355] INFO Closing socket connection to /172.31.37.144. (kafka.network.Processor)
[2015-05-02 04:01:40,414] INFO Closing socket connection to /127.0.0.1. (kafka.network.Processor)
[2015-05-02 04:01:40,463] INFO Closing socket connection to /172.31.37.144. (kafka.network.Processor)
[2015-05-02 04:02:06,365] INFO Closing socket connection to /127.0.0.1. (kafka.network.Processor)
[2015-05-02 04:02:06,413] INFO Closing socket connection to /172.31.37.144. (kafka.network.Processor)
[2015-05-02 04:02:08,506] INFO Closing socket connection to /127.0.0.1. (kafka.network.Processor)
[2015-05-02 04:02:08,561] INFO Closing socket connection to /172.31.37.144. (kafka.network.Processor)
[2015-05-02 04:02:10,685] INFO Closing socket connection to /127.0.0.1. (kafka.network.Processor)
[2015-05-02 04:02:10,735] INFO Closing socket connection to /172.31.37.144. (kafka.network.Processor)
[2015-05-02 04:02:36,210] INFO Closing socket connection to /127.0.0.1. (kafka.network.Processor)
[2015-05-02 04:02:36,258] INFO Closing socket connection to /172.31.37.144. (kafka.network.Processor)
[2015-05-02 04:02:38,364] INFO Closing socket connection to /127.0.0.1. (kafka.network.Processor)
[2015-05-02 04:02:38,416] INFO Closing socket connection to /172.31.37.144. (kafka.network.Processor)
[2015-05-02 04:02:40,525] INFO Closing socket connection to /127.0.0.1. (kafka.network.Processor)
[2015-05-02 04:02:40,575] INFO Closing socket connection to /172.31.37.144. (kafka.network.Processor)
[2015-05-02 04:03:06,203] INFO Closing socket connection to /127.0.0.1. (kafka.network.Processor)
[2015-05-02 04:03:06,255] INFO Closing socket connection to /172.31.37.144. (kafka.network.Processor)
[2015-05-02 04:03:08,381] INFO Closing socket connection to /127.0.0.1. (kafka.network.Processor)
[2015-05-02 04:03:08,429] INFO Closing socket connection to /172.31.37.144. (kafka.network.Processor)
[2015-05-02 04:03:10,569] INFO Closing socket connection to /127.0.0.1. (kafka.network.Processor)
[2015-05-02 04:03:10,619] INFO Closing socket connection to /172.31.37.144. (kafka.network.Processor)
[2015-05-02 04:03:36,185] INFO Closing socket connection to /127.0.0.1. (kafka.network.Processor)
[2015-05-02 04:03:36,235] INFO Closing socket connection to /172.31.37.144. (kafka.network.Processor)
[2015-05-02 04:03:38,367] INFO Closing socket connection to /127.0.0.1. (kafka.network.Processor)
[2015-05-02 04:03:38,415] INFO Closing socket connection to /172.31.37.144. (kafka.network.Processor)
[2015-05-02 04:03:40,565] INFO Closing socket connection to /127.0.0.1. (kafka.network.Processor)
[2015-05-02 04:03:40,616] INFO Closing socket connection to /172.31.37.144. (kafka.network.Processor)
[2015-05-03 20:37:57,795] INFO starting (kafka.server.KafkaServer)
[2015-05-03 20:37:57,799] INFO Connecting to zookeeper on localhost:2181 (kafka.server.KafkaServer)
[2015-05-03 20:37:58,119] INFO Loading logs. (kafka.log.LogManager)
[2015-05-03 20:37:58,180] INFO Completed load of log test-0 with log end offset 6 (kafka.log.Log)
[2015-05-03 20:37:58,191] INFO Logs loading complete. (kafka.log.LogManager)
[2015-05-03 20:37:58,192] INFO Starting log cleanup with a period of 300000 ms. (kafka.log.LogManager)
[2015-05-03 20:37:58,196] INFO Starting log flusher with a default period of 9223372036854775807 ms. (kafka.log.LogManager)
[2015-05-03 20:37:58,243] INFO Awaiting socket connections on 0.0.0.0:9092. (kafka.network.Acceptor)
[2015-05-03 20:37:58,244] INFO [Socket Server on Broker 0], Started (kafka.network.SocketServer)
[2015-05-03 20:37:58,274] INFO [ExpirationReaper-0], Starting  (kafka.server.DelayedOperationPurgatory$ExpiredOperationReaper)
[2015-05-03 20:37:58,275] INFO [ExpirationReaper-0], Starting  (kafka.server.DelayedOperationPurgatory$ExpiredOperationReaper)
[2015-05-03 20:37:58,350] INFO 0 successfully elected as leader (kafka.server.ZookeeperLeaderElector)
[2015-05-03 20:37:58,531] INFO [ExpirationReaper-0], Starting  (kafka.server.DelayedOperationPurgatory$ExpiredOperationReaper)
[2015-05-03 20:37:58,545] INFO [ExpirationReaper-0], Starting  (kafka.server.DelayedOperationPurgatory$ExpiredOperationReaper)
[2015-05-03 20:37:58,550] INFO [ExpirationReaper-0], Starting  (kafka.server.DelayedOperationPurgatory$ExpiredOperationReaper)
[2015-05-03 20:37:58,561] INFO New leader is 0 (kafka.server.ZookeeperLeaderElector$LeaderChangeListener)
[2015-05-03 20:37:58,574] INFO Will not load MX4J, mx4j-tools.jar is not in the classpath (kafka.utils.Mx4jLoader$)
[2015-05-03 20:37:58,585] INFO Registered broker 0 at path /brokers/ids/0 with address 10.0.0.12:9092. (kafka.utils.ZkUtils$)
[2015-05-03 20:37:58,596] INFO [Kafka Server 0], started (kafka.server.KafkaServer)
[2015-05-03 20:37:58,757] INFO [ReplicaFetcherManager on broker 0] Removed fetcher for partitions [test,0] (kafka.server.ReplicaFetcherManager)
[2015-05-03 20:37:58,788] INFO [ReplicaFetcherManager on broker 0] Removed fetcher for partitions [test,0] (kafka.server.ReplicaFetcherManager)
